<?xml version="1.0" encoding="UTF-8"?>
<!-- Generated by org.testng.reporters.JUnitReportReporter -->
<testsuite hostname="DESKTOP-0DASLFG" failures="0" tests="1" name="test.test.AppTest" time="11.966" errors="0" timestamp="2020-02-01T00:26:01 IST" skipped="0">
  <testcase classname="test.test.AppTest" name="AppTestDemo" time="11.966"/>
  <system-out/>
</testsuite> <!-- test.test.AppTest -->
