<?xml version="1.0" encoding="UTF-8"?>
<!-- Generated by org.testng.reporters.JUnitReportReporter -->
<testsuite skipped="0" hostname="DESKTOP-0DASLFG" name="test.test.AppTest" tests="1" failures="0" timestamp="2020-02-03T14:06:01 IST" time="9.860" errors="0">
  <testcase name="AppTestDemo" time="9.860" classname="test.test.AppTest"/>
  <system-out/>
</testsuite> <!-- test.test.AppTest -->
